<?xml version="1.0" encoding="UTF-8"?>
<!-- Generated by org.testng.reporters.JUnitReportReporter -->
<testsuite hostname="DESKTOP-RI9JICR" failures="0" tests="2" name="dropdown.TestAngular" time="6.436" errors="1" timestamp="04 Jan 2023 11:04:46 GMT" skipped="1">
  <testcase classname="dropdown.TestAngular" name="testAngular" time="0.000">
    <skipped/>
  </testcase> <!-- testAngular -->
  <testcase classname="dropdown.TestAngular" name="hamada" time="6.436">
    <error message="session not created: This version of ChromeDriver only supports Chrome version 100
Current browser version is 108.0.5359.125 with binary path C:\Program Files\Google\Chrome\Application\chrome.exe
Build info: version: &#039;3.141.59&#039;, revision: &#039;e82be7d358&#039;, time: &#039;2018-11-14T08:17:03&#039;
System info: host: &#039;DESKTOP-RI9JICR&#039;, ip: &#039;10.10.10.69&#039;, os.name: &#039;Windows 10&#039;, os.arch: &#039;amd64&#039;, os.version: &#039;10.0&#039;, java.version: &#039;19.0.1&#039;
Driver info: driver.version: ChromeDriver
remote stacktrace: Backtrace:
	Ordinal0 [0x005E7413+2389011]
	Ordinal0 [0x00579F61+1941345]
	Ordinal0 [0x0046C658+837208]
	Ordinal0 [0x0048C773+968563]
	Ordinal0 [0x0048837A+951162]
	Ordinal0 [0x00485C51+941137]
	Ordinal0 [0x004B8C80+1150080]
	Ordinal0 [0x004B88DA+1149146]
	Ordinal0 [0x004B3F66+1130342]
	Ordinal0 [0x0048E546+976198]
	Ordinal0 [0x0048F456+980054]
	GetHandleVerifier [0x00799632+1727522]
	GetHandleVerifier [0x0084BA4D+2457661]
	GetHandleVerifier [0x0067EB81+569713]
	GetHandleVerifier [0x0067DD76+566118]
	Ordinal0 [0x00580B2B+1968939]
	Ordinal0 [0x00585988+1989000]
	Ordinal0 [0x00585A75+1989237]
	Ordinal0 [0x0058ECB1+2026673]
	BaseThreadInitThunk [0x769BFA29+25]
	RtlGetAppContainerNamedObjectPath [0x77B975F4+228]
	RtlGetAppContainerNamedObjectPath [0x77B975C4+180]
" type="org.openqa.selenium.SessionNotCreatedException">
      <![CDATA[org.openqa.selenium.SessionNotCreatedException: session not created: This version of ChromeDriver only supports Chrome version 100
Current browser version is 108.0.5359.125 with binary path C:\Program Files\Google\Chrome\Application\chrome.exe
Build info: version: '3.141.59', revision: 'e82be7d358', time: '2018-11-14T08:17:03'
System info: host: 'DESKTOP-RI9JICR', ip: '10.10.10.69', os.name: 'Windows 10', os.arch: 'amd64', os.version: '10.0', java.version: '19.0.1'
Driver info: driver.version: ChromeDriver
remote stacktrace: Backtrace:
Ordinal0 [0x005E7413+2389011]
Ordinal0 [0x00579F61+1941345]
Ordinal0 [0x0046C658+837208]
Ordinal0 [0x0048C773+968563]
Ordinal0 [0x0048837A+951162]
Ordinal0 [0x00485C51+941137]
Ordinal0 [0x004B8C80+1150080]
Ordinal0 [0x004B88DA+1149146]
Ordinal0 [0x004B3F66+1130342]
Ordinal0 [0x0048E546+976198]
Ordinal0 [0x0048F456+980054]
GetHandleVerifier [0x00799632+1727522]
GetHandleVerifier [0x0084BA4D+2457661]
GetHandleVerifier [0x0067EB81+569713]
GetHandleVerifier [0x0067DD76+566118]
Ordinal0 [0x00580B2B+1968939]
Ordinal0 [0x00585988+1989000]
Ordinal0 [0x00585A75+1989237]
Ordinal0 [0x0058ECB1+2026673]
BaseThreadInitThunk [0x769BFA29+25]
RtlGetAppContainerNamedObjectPath [0x77B975F4+228]
RtlGetAppContainerNamedObjectPath [0x77B975C4+180]

at java.base/jdk.internal.reflect.DirectConstructorHandleAccessor.newInstance(DirectConstructorHandleAccessor.java:67)
at java.base/java.lang.reflect.Constructor.newInstanceWithCaller(Constructor.java:500)
at java.base/java.lang.reflect.Constructor.newInstance(Constructor.java:484)
at org.openqa.selenium.remote.W3CHandshakeResponse.lambda$errorHandler$0(W3CHandshakeResponse.java:62)
at org.openqa.selenium.remote.HandshakeResponse.lambda$getResponseFunction$0(HandshakeResponse.java:30)
at org.openqa.selenium.remote.ProtocolHandshake.lambda$createSession$0(ProtocolHandshake.java:126)
at java.base/java.util.stream.ReferencePipeline$3$1.accept(ReferencePipeline.java:197)
at java.base/java.util.Spliterators$ArraySpliterator.tryAdvance(Spliterators.java:1016)
at java.base/java.util.stream.ReferencePipeline.forEachWithCancel(ReferencePipeline.java:129)
at java.base/java.util.stream.AbstractPipeline.copyIntoWithCancel(AbstractPipeline.java:527)
at java.base/java.util.stream.AbstractPipeline.copyInto(AbstractPipeline.java:513)
at java.base/java.util.stream.AbstractPipeline.wrapAndCopyInto(AbstractPipeline.java:499)
at java.base/java.util.stream.FindOps$FindOp.evaluateSequential(FindOps.java:150)
at java.base/java.util.stream.AbstractPipeline.evaluate(AbstractPipeline.java:234)
at java.base/java.util.stream.ReferencePipeline.findFirst(ReferencePipeline.java:647)
at org.openqa.selenium.remote.ProtocolHandshake.createSession(ProtocolHandshake.java:128)
at org.openqa.selenium.remote.ProtocolHandshake.createSession(ProtocolHandshake.java:74)
at org.openqa.selenium.remote.HttpCommandExecutor.execute(HttpCommandExecutor.java:136)
at org.openqa.selenium.remote.service.DriverCommandExecutor.execute(DriverCommandExecutor.java:83)
at org.openqa.selenium.remote.RemoteWebDriver.execute(RemoteWebDriver.java:552)
at org.openqa.selenium.remote.RemoteWebDriver.startSession(RemoteWebDriver.java:213)
at org.openqa.selenium.remote.RemoteWebDriver.<init>(RemoteWebDriver.java:131)
at org.openqa.selenium.chrome.ChromeDriver.<init>(ChromeDriver.java:181)
at org.openqa.selenium.chrome.ChromeDriver.<init>(ChromeDriver.java:168)
at org.openqa.selenium.chrome.ChromeDriver.<init>(ChromeDriver.java:123)
at dropdown.TestAngular.hamada(TestAngular.java:21)
at java.base/jdk.internal.reflect.DirectMethodHandleAccessor.invoke(DirectMethodHandleAccessor.java:104)
at java.base/java.lang.reflect.Method.invoke(Method.java:578)
at org.testng.internal.MethodInvocationHelper.invokeMethod(MethodInvocationHelper.java:124)
at org.testng.internal.MethodInvocationHelper.invokeMethodConsideringTimeout(MethodInvocationHelper.java:59)
at org.testng.internal.Invoker.invokeConfigurationMethod(Invoker.java:458)
at org.testng.internal.Invoker.invokeConfigurations(Invoker.java:222)
at org.testng.internal.Invoker.invokeConfigurations(Invoker.java:142)
at org.testng.SuiteRunner.privateRun(SuiteRunner.java:401)
at org.testng.SuiteRunner.run(SuiteRunner.java:364)
at org.testng.SuiteRunnerWorker.runSuite(SuiteRunnerWorker.java:52)
at org.testng.SuiteRunnerWorker.run(SuiteRunnerWorker.java:84)
at org.testng.TestNG.runSuitesSequentially(TestNG.java:1208)
at org.testng.TestNG.runSuitesLocally(TestNG.java:1137)
at org.testng.TestNG.runSuites(TestNG.java:1049)
at org.testng.TestNG.run(TestNG.java:1017)
at org.apache.maven.surefire.testng.TestNGExecutor.run(TestNGExecutor.java:77)
at org.apache.maven.surefire.testng.TestNGDirectoryTestSuite.execute(TestNGDirectoryTestSuite.java:110)
at org.apache.maven.surefire.testng.TestNGProvider.invoke(TestNGProvider.java:106)
at java.base/jdk.internal.reflect.DirectMethodHandleAccessor.invoke(DirectMethodHandleAccessor.java:104)
at java.base/java.lang.reflect.Method.invoke(Method.java:578)
at org.apache.maven.surefire.util.ReflectionUtils.invokeMethodWithArray(ReflectionUtils.java:189)
at org.apache.maven.surefire.booter.ProviderFactory$ProviderProxy.invoke(ProviderFactory.java:165)
at org.apache.maven.surefire.booter.ProviderFactory.invokeProvider(ProviderFactory.java:85)
at org.apache.maven.surefire.booter.ForkedBooter.runSuitesInProcess(ForkedBooter.java:115)
at org.apache.maven.surefire.booter.ForkedBooter.main(ForkedBooter.java:75)
]]>
    </error>
  </testcase> <!-- hamada -->
</testsuite> <!-- dropdown.TestAngular -->
